<?xml version="1.0" encoding="UTF-8"?>
<testng-results skipped="0" failed="0" ignored="0" total="1" passed="1">
  <reporter-output>
  </reporter-output>
  <suite name="Default suite" duration-ms="7662" started-at="2020-10-29T11:43:13 IST" finished-at="2020-10-29T11:43:21 IST">
    <groups>
    </groups>
    <test name="Default test" duration-ms="7662" started-at="2020-10-29T11:43:13 IST" finished-at="2020-10-29T11:43:21 IST">
      <class name="e2eautomation.Tc_001_testcases">
        <test-method status="PASS" signature="tcase1()[pri:0, instance:e2eautomation.Tc_001_testcases@4bbfb90a]" name="tcase1" duration-ms="7589" started-at="2020-10-29T11:43:13 IST" finished-at="2020-10-29T11:43:21 IST">
          <reporter-output>
          </reporter-output>
        </test-method> <!-- tcase1 -->
      </class> <!-- e2eautomation.Tc_001_testcases -->
    </test> <!-- Default test -->
  </suite> <!-- Default suite -->
</testng-results>
